<?xml version="1.0" encoding="UTF-8"?>
<!-- Generated by org.testng.reporters.JUnitReportReporter -->
<testsuite skipped="0" hostname="DESKTOP-CGJKOVL" name="stevejobspro.Test103" tests="1" failures="0" timestamp="2021-03-20T09:47:51 IST" time="38.790" errors="0">
  <testcase name="method" time="38.790" classname="stevejobspro.Test103"/>
  <system-out/>
</testsuite> <!-- stevejobspro.Test103 -->
